C:\Program Files (x86)\Microsoft Visual Studio\2017\Community\Common7\IDE\VC\VCTargets\Microsoft.CppBuild.targets(377,5): warning MSB8004: Output Directory does not end with a trailing slash.  This build instance will add the slash as it is required to allow proper evaluation of the Output Directory.
  VoxelObject.cpp
e:\unity\voxelengine\voxelengine\voxelengine\voxelobject.cpp(17): warning C4309: 'initializing': truncation of constant value
e:\unity\voxelengine\voxelengine\voxelengine\voxelobject.cpp(50): warning C4244: 'argument': conversion from 'const int' to 'const float', possible loss of data
e:\unity\voxelengine\voxelengine\voxelengine\voxelobject.cpp(51): warning C4244: 'argument': conversion from 'const int' to 'const float', possible loss of data
e:\unity\voxelengine\voxelengine\voxelengine\voxelobject.cpp(52): warning C4244: 'argument': conversion from 'const int' to 'const float', possible loss of data
e:\unity\voxelengine\voxelengine\voxelengine\voxelobject.cpp(53): warning C4244: 'argument': conversion from 'const int' to 'const float', possible loss of data
e:\unity\voxelengine\voxelengine\voxelengine\voxelobject.cpp(54): warning C4244: 'argument': conversion from 'const int' to 'const float', possible loss of data
e:\unity\voxelengine\voxelengine\voxelengine\voxelobject.cpp(55): warning C4244: 'argument': conversion from 'const int' to 'const float', possible loss of data
e:\unity\voxelengine\voxelengine\voxelengine\voxelobject.cpp(56): warning C4244: 'argument': conversion from 'const int' to 'const float', possible loss of data
e:\unity\voxelengine\voxelengine\voxelengine\voxelobject.cpp(57): warning C4244: 'argument': conversion from 'const int' to 'const float', possible loss of data
e:\unity\voxelengine\voxelengine\voxelengine\voxelobject.cpp(60): warning C4244: 'argument': conversion from 'const int' to 'const float', possible loss of data
e:\unity\voxelengine\voxelengine\voxelengine\voxelobject.cpp(118): warning C4244: 'argument': conversion from 'const int' to 'const float', possible loss of data
e:\unity\voxelengine\voxelengine\voxelengine\voxelobject.cpp(119): warning C4244: 'argument': conversion from 'const int' to 'const float', possible loss of data
e:\unity\voxelengine\voxelengine\voxelengine\voxelobject.cpp(157): warning C4477: 'fprintf' : format string '%s' requires an argument of type 'char *', but variadic argument 1 has type 'std::string'
e:\unity\voxelengine\voxelengine\voxelengine\voxelobject.cpp(162): warning C4477: 'fprintf' : format string '%s' requires an argument of type 'char *', but variadic argument 1 has type 'std::string'
     Creating library ..\..\Assets\VoxelEngine\Plugins\VoxelEngine.lib and object ..\..\Assets\VoxelEngine\Plugins\VoxelEngine.exp
  Generating code
  1 of 181 functions ( 0.6%) were compiled, the rest were copied from previous compilation.
    0 functions were new in current compilation
    1 functions had inline decision re-evaluated but remain unchanged
  Finished generating code
  VoxelEngine.vcxproj -> E:\unity\VoxelEngine\VoxelEngine\VoxelEngine\..\..\Assets\VoxelEngine\Plugins\VoxelEngine.dll
